[judupuis.godaddysites.com/index.html]
[backblue.gif]
[fade.gif]
[index.html]
[judupuis.godaddysites.com/manifest.webmanifest]
[img1.wsimg.com/isteam/ip/f0800492-ce65-4f6c-9bad-8a5cc0515c4b/cmwa2.jpg]
[img1.wsimg.com/blobby/go/gpub/20f4936a46afa139/script.js]
[img1.wsimg.com/blobby/go/gpub/2188bb0881d579fc/script.js]
[img1.wsimg.com/poly/v2/polyfill.min23c0.js]
[img1.wsimg.com/blobby/go/f0800492-ce65-4f6c-9bad-8a5cc0515c4b/gpub/e63145e2df639028/script.js]
[img1.wsimg.com/blobby/go/f0800492-ce65-4f6c-9bad-8a5cc0515c4b/gpub/4524c1974583bbdd/styles.css]
[img1.wsimg.com/blobby/go/f0800492-ce65-4f6c-9bad-8a5cc0515c4b/gpub/dde6606fd94c45b/styles.css]
[judupuis.godaddysites.com/sw.js]
[img1.wsimg.com/blobby/go/f0800492-ce65-4f6c-9bad-8a5cc0515c4b/gpub/87404774dc5886ba/styles.css]
[judupuis.godaddysites.com/a-propos.html]
[judupuis.godaddysites.com/projets.html]
[judupuis.godaddysites.com/contact.html]
[judupuis.godaddysites.com/privacy-policy.html]
[img1.wsimg.com/blobby/go/f0800492-ce65-4f6c-9bad-8a5cc0515c4b/gpub/8eaad94fab10688a/script.js]
[img1.wsimg.com/blobby/go/f0800492-ce65-4f6c-9bad-8a5cc0515c4b/gpub/97d81dc742e6694/script.js]
[img1.wsimg.com/blobby/go/gpub/a7bf6448c9e8f59f/script.js]
[img1.wsimg.com/blobby/go/f0800492-ce65-4f6c-9bad-8a5cc0515c4b/gpub/4d2b39f340acaeab/script.js]
[img1.wsimg.com/blobby/go/f0800492-ce65-4f6c-9bad-8a5cc0515c4b/gpub/5cce30771e56d4c1/script.js]
[judupuis.godaddysites.com/index.html]
[img1.wsimg.com/blobby/go/f0800492-ce65-4f6c-9bad-8a5cc0515c4b/gpub/4524c1974583bbdd/styles.css]
[img1.wsimg.com/blobby/go/f0800492-ce65-4f6c-9bad-8a5cc0515c4b/gpub/dde6606fd94c45b/styles.css]
[img1.wsimg.com/blobby/go/f0800492-ce65-4f6c-9bad-8a5cc0515c4b/gpub/87404774dc5886ba/styles.css]
[img1.wsimg.com/tcc/tcc_l.combined.1.0.6.min.js]
[img1.wsimg.com/blobby/go/f0800492-ce65-4f6c-9bad-8a5cc0515c4b/gpub/da69bd569ecc5954/styles.css]
[img1.wsimg.com/blobby/go/f0800492-ce65-4f6c-9bad-8a5cc0515c4b/gpub/22548a366bc9db62/styles.css]
[img1.wsimg.com/blobby/go/f0800492-ce65-4f6c-9bad-8a5cc0515c4b/gpub/ed4cab70d2f8b609/styles.css]
[img1.wsimg.com/blobby/go/f0800492-ce65-4f6c-9bad-8a5cc0515c4b/gpub/50cd01a42abe3970/script.js]
[img1.wsimg.com/blobby/go/f0800492-ce65-4f6c-9bad-8a5cc0515c4b/gpub/87ed71e050871137/script.js]
[img1.wsimg.com/blobby/go/f0800492-ce65-4f6c-9bad-8a5cc0515c4b/gpub/d082091190022057/script.js]
[judupuis.godaddysites.com/a-propos.html]
[img1.wsimg.com/blobby/go/f0800492-ce65-4f6c-9bad-8a5cc0515c4b/gpub/ec280c50e196c72c/script.js]
[img1.wsimg.com/blobby/go/f0800492-ce65-4f6c-9bad-8a5cc0515c4b/gpub/51771fe5cc4d7ed4/styles.css]
[img1.wsimg.com/blobby/go/f0800492-ce65-4f6c-9bad-8a5cc0515c4b/gpub/f83f28153713374d/styles.css]
[img1.wsimg.com/blobby/go/f0800492-ce65-4f6c-9bad-8a5cc0515c4b/gpub/30071de0df264649/styles.css]
[img1.wsimg.com/blobby/go/f0800492-ce65-4f6c-9bad-8a5cc0515c4b/gpub/52d58843ee10c88/script.js]
[img1.wsimg.com/blobby/go/f0800492-ce65-4f6c-9bad-8a5cc0515c4b/gpub/7bf703a0398cde0e/script.js]
[judupuis.godaddysites.com/projets.html]
[img1.wsimg.com/blobby/go/f0800492-ce65-4f6c-9bad-8a5cc0515c4b/gpub/101cf996171a769f/script.js]
[img1.wsimg.com/blobby/go/f0800492-ce65-4f6c-9bad-8a5cc0515c4b/gpub/37bc4eaac30da367/styles.css]
[img1.wsimg.com/blobby/go/f0800492-ce65-4f6c-9bad-8a5cc0515c4b/gpub/ed201f5056f60adc/styles.css]
[img1.wsimg.com/blobby/go/f0800492-ce65-4f6c-9bad-8a5cc0515c4b/gpub/65b15ff79caeb1ac/styles.css]
[img1.wsimg.com/blobby/go/f0800492-ce65-4f6c-9bad-8a5cc0515c4b/gpub/78818e3ecd5073ad/script.js]
[img1.wsimg.com/blobby/go/f0800492-ce65-4f6c-9bad-8a5cc0515c4b/gpub/f1f5ccacdc3e856/script.js]
[img1.wsimg.com/blobby/go/f0800492-ce65-4f6c-9bad-8a5cc0515c4b/gpub/eefbb11efbe42ad0/script.js]
[judupuis.godaddysites.com/contact.html]
[judupuis.godaddysites.com/[object Object].html]
[img1.wsimg.com/blobby/go/f0800492-ce65-4f6c-9bad-8a5cc0515c4b/gpub/efea2c2bb502c320/script.js]
[img1.wsimg.com/blobby/go/f0800492-ce65-4f6c-9bad-8a5cc0515c4b/gpub/e74cd840d22b0bb0/script.js]
[img1.wsimg.com/blobby/go/f0800492-ce65-4f6c-9bad-8a5cc0515c4b/gpub/ddc7e92c22f4ad54/styles.css]
[img1.wsimg.com/blobby/go/f0800492-ce65-4f6c-9bad-8a5cc0515c4b/gpub/7ee62980967cea6a/styles.css]
[img1.wsimg.com/blobby/go/f0800492-ce65-4f6c-9bad-8a5cc0515c4b/gpub/ca830b48818b9065/styles.css]
[img1.wsimg.com/blobby/go/f0800492-ce65-4f6c-9bad-8a5cc0515c4b/gpub/ec9f5a5b27d53d19/script.js]
[img1.wsimg.com/blobby/go/f0800492-ce65-4f6c-9bad-8a5cc0515c4b/gpub/a0d9e60cdaab9260/script.js]
[judupuis.godaddysites.com/privacy-policy.html]
[img1.wsimg.com/blobby/go/f0800492-ce65-4f6c-9bad-8a5cc0515c4b/gpub/79aef5b84c74026a/script.js]
[img1.wsimg.com/ceph-p3-01/website-builder-data-prod/static/widgets/UX.3.71.5.js]
[img1.wsimg.com/blobby/go/f0800492-ce65-4f6c-9bad-8a5cc0515c4b/gpub/da69bd569ecc5954/styles.css]
[img1.wsimg.com/blobby/go/f0800492-ce65-4f6c-9bad-8a5cc0515c4b/gpub/22548a366bc9db62/styles.css]
[img1.wsimg.com/blobby/go/f0800492-ce65-4f6c-9bad-8a5cc0515c4b/gpub/ed4cab70d2f8b609/styles.css]
[img1.wsimg.com/blobby/go/f0800492-ce65-4f6c-9bad-8a5cc0515c4b/gpub/51771fe5cc4d7ed4/styles.css]
[img1.wsimg.com/blobby/go/f0800492-ce65-4f6c-9bad-8a5cc0515c4b/gpub/f83f28153713374d/styles.css]
[img1.wsimg.com/blobby/go/f0800492-ce65-4f6c-9bad-8a5cc0515c4b/gpub/30071de0df264649/styles.css]
[img1.wsimg.com/blobby/go/f0800492-ce65-4f6c-9bad-8a5cc0515c4b/gpub/37bc4eaac30da367/styles.css]
[img1.wsimg.com/blobby/go/f0800492-ce65-4f6c-9bad-8a5cc0515c4b/gpub/ed201f5056f60adc/styles.css]
[img1.wsimg.com/blobby/go/f0800492-ce65-4f6c-9bad-8a5cc0515c4b/gpub/65b15ff79caeb1ac/styles.css]
[img1.wsimg.com/blobby/go/f0800492-ce65-4f6c-9bad-8a5cc0515c4b/gpub/ddc7e92c22f4ad54/styles.css]
[img1.wsimg.com/blobby/go/f0800492-ce65-4f6c-9bad-8a5cc0515c4b/gpub/7ee62980967cea6a/styles.css]
[img1.wsimg.com/blobby/go/f0800492-ce65-4f6c-9bad-8a5cc0515c4b/gpub/ca830b48818b9065/styles.css]
